\BOOKMARK [1][-]{section.1}{\376\377\137\025\212\000}{}% 1
\BOOKMARK [1][-]{section.2}{\376\377\166\370\121\163\135\345\117\134}{}% 2
\BOOKMARK [2][-]{subsection.2.1}{\376\377\116\163\201\172\215\205\130\360\126\376\120\317\122\006\174\173}{section.2}% 3
\BOOKMARK [2][-]{subsection.2.2}{\376\377\145\160\143\156\130\236\137\072\145\271\154\325}{section.2}% 4
\BOOKMARK [1][-]{section.3}{\376\377\145\271\154\325\213\272}{}% 5
\BOOKMARK [2][-]{subsection.3.1}{\376\377\145\160\143\156\226\306\143\317\217\360}{section.3}% 6
\BOOKMARK [2][-]{subsection.3.2}{\376\377\117\040\176\337\145\160\143\156\130\236\137\072}{section.3}% 7
\BOOKMARK [2][-]{subsection.3.3}{\376\377\127\372\116\216\000G\000A\000N\166\204\145\160\143\156\130\236\137\072}{section.3}% 8
\BOOKMARK [2][-]{subsection.3.4}{\376\377\122\006\174\173\177\121\176\334}{section.3}% 9
\BOOKMARK [2][-]{subsection.3.5}{\376\377\133\236\232\214\213\276\177\156}{section.3}% 10
\BOOKMARK [1][-]{section.4}{\376\377\133\236\232\214\176\323\147\234\116\016\122\006\147\220}{}% 11
\BOOKMARK [2][-]{subsection.4.1}{\376\377\145\160\143\156\226\306\000A\000\040\000\050\000B\000U\000S\000I\000\051\116\012\166\204\176\323\147\234}{section.4}% 12
\BOOKMARK [2][-]{subsection.4.2}{\376\377\145\160\143\156\226\306\000B\116\012\166\204\176\323\147\234}{section.4}% 13
\BOOKMARK [2][-]{subsection.4.3}{\376\377\124\004\174\173\122\053\140\047\200\375\122\006\147\220}{section.4}% 14
\BOOKMARK [2][-]{subsection.4.4}{\376\377\000G\000A\000N\165\037\142\020\150\067\147\054\166\204\215\050\221\317\122\006\147\220}{section.4}% 15
\BOOKMARK [2][-]{subsection.4.5}{\376\377\116\016\121\166\116\326\145\271\154\325\166\204\153\324\217\203}{section.4}% 16
\BOOKMARK [2][-]{subsection.4.6}{\376\377\155\210\207\215\133\236\232\214}{section.4}% 17
\BOOKMARK [1][-]{section.5}{\376\377\213\250\213\272}{}% 18
\BOOKMARK [2][-]{subsection.5.1}{\376\377\116\073\211\201\123\321\163\260}{section.5}% 19
\BOOKMARK [2][-]{subsection.5.2}{\376\377\116\064\136\212\141\017\116\111}{section.5}% 20
\BOOKMARK [2][-]{subsection.5.3}{\376\377\134\100\226\120\140\047}{section.5}% 21
\BOOKMARK [2][-]{subsection.5.4}{\376\377\116\016\121\166\116\326\170\024\172\166\166\204\153\324\217\203}{section.5}% 22
\BOOKMARK [2][-]{subsection.5.5}{\376\377\147\052\147\145\135\345\117\134\145\271\124\021}{section.5}% 23
\BOOKMARK [1][-]{section.6}{\376\377\176\323\213\272}{}% 24
