\BOOKMARK [1][-]{section.1}{\376\377\213\376\230\230\147\145\156\220\060\001\166\356\166\204\123\312\141\017\116\111}{}% 1
\BOOKMARK [2][-]{subsection.1.1}{\376\377\213\376\230\230\147\145\156\220}{section.1}% 2
\BOOKMARK [2][-]{subsection.1.2}{\376\377\213\376\230\230\166\356\166\204}{section.1}% 3
\BOOKMARK [2][-]{subsection.1.3}{\376\377\213\376\230\230\141\017\116\111}{section.1}% 4
\BOOKMARK [3][-]{subsubsection.1.3.1}{\376\377\164\006\213\272\141\017\116\111}{subsection.1.3}% 5
\BOOKMARK [3][-]{subsubsection.1.3.2}{\376\377\133\236\215\365\141\017\116\111}{subsection.1.3}% 6
\BOOKMARK [1][-]{section.2}{\376\377\126\375\121\205\131\026\170\024\172\166\163\260\121\265\123\312\123\321\134\125\215\213\122\277}{}% 7
\BOOKMARK [2][-]{subsection.2.1}{\376\377\155\361\136\246\133\146\116\140\127\050\123\073\133\146\137\161\120\317\116\055\166\204\136\224\165\050}{section.2}% 8
\BOOKMARK [2][-]{subsection.2.2}{\376\377\116\163\201\172\215\205\130\360\126\376\120\317\122\006\147\220\170\024\172\166\163\260\162\266}{section.2}% 9
\BOOKMARK [3][-]{subsubsection.2.2.1}{\376\377\126\376\120\317\122\006\174\173\145\271\124\021}{subsection.2.2}% 10
\BOOKMARK [3][-]{subsubsection.2.2.2}{\376\377\126\376\120\317\122\006\122\162\145\271\124\021}{subsection.2.2}% 11
\BOOKMARK [3][-]{subsubsection.2.2.3}{\376\377\126\375\121\205\170\024\172\166\217\333\134\125}{subsection.2.2}% 12
\BOOKMARK [2][-]{subsection.2.3}{\376\377\123\357\211\343\221\312\140\047\170\024\172\166\217\333\134\125}{section.2}% 13
\BOOKMARK [2][-]{subsection.2.4}{\376\377\123\321\134\125\215\213\122\277}{section.2}% 14
\BOOKMARK [1][-]{section.3}{\376\377\170\024\172\166\121\205\133\271\116\016\142\200\147\057\145\271\150\110}{}% 15
\BOOKMARK [2][-]{subsection.3.1}{\376\377\213\376\230\230\170\024\172\166\121\205\133\271}{section.3}% 16
\BOOKMARK [2][-]{subsection.3.2}{\376\377\213\376\230\230\230\204\147\037\166\356\150\007}{section.3}% 17
\BOOKMARK [2][-]{subsection.3.3}{\376\377\142\200\147\057\215\357\176\277\116\016\145\271\150\110}{section.3}% 18
\BOOKMARK [3][-]{subsubsection.3.3.1}{\376\377\145\160\143\156\226\306}{subsection.3.3}% 19
\BOOKMARK [3][-]{subsubsection.3.3.2}{\376\377\145\160\143\156\230\204\131\004\164\006}{subsection.3.3}% 20
\BOOKMARK [3][-]{subsubsection.3.3.3}{\376\377\121\163\225\056\142\200\147\057}{subsection.3.3}% 21
\BOOKMARK [3][-]{subsubsection.3.3.4}{\376\377\213\255\176\303\173\126\165\145}{subsection.3.3}% 22
\BOOKMARK [3][-]{subsubsection.3.3.5}{\376\377\213\304\117\060\143\007\150\007}{subsection.3.3}% 23
\BOOKMARK [3][-]{subsubsection.3.3.6}{\376\377\140\073\117\123\145\271\150\110}{subsection.3.3}% 24
\BOOKMARK [3][-]{subsubsection.3.3.7}{\376\377\137\000\123\321\163\257\130\203}{subsection.3.3}% 25
\BOOKMARK [2][-]{subsection.3.4}{\376\377\147\054\213\376\230\230\122\033\145\260\160\271}{section.3}% 26
\BOOKMARK [1][-]{section.4}{\376\377\123\357\210\114\140\047\116\016\230\316\226\151\122\006\147\220}{}% 27
\BOOKMARK [2][-]{subsection.4.1}{\376\377\142\200\147\057\123\357\210\114\140\047}{section.4}% 28
\BOOKMARK [2][-]{subsection.4.2}{\376\377\145\160\143\156\123\357\210\114\140\047}{section.4}% 29
\BOOKMARK [2][-]{subsection.4.3}{\376\377\145\366\225\364\123\357\210\114\140\047}{section.4}% 30
\BOOKMARK [2][-]{subsection.4.4}{\376\377\122\066\176\246\126\340\175\040\116\016\230\316\226\151}{section.4}% 31
\BOOKMARK [2][-]{subsection.4.5}{\376\377\142\020\147\054\117\060\173\227\116\016\123\357\210\114\140\047}{section.4}% 32
\BOOKMARK [1][-]{section.5}{\376\377\213\376\230\230\170\024\172\166\217\333\136\246\133\211\143\222}{}% 33
